REF 0433f000 0433f 04 33f R F   0033f

0 1 0 00

REF 009dd000 009dd 00 9dd R F   019dd

0 1 0 01

REF 01e47001 01e47 01 e47 W F   00e47

1 1 1 00

REF 00bcc000 00bcc 00 bcc R     01bcc

0 1 0 01

REF 0188d001 0188d 01 88d W     0088d

1 1 1 00

REF 0172f001 0172f 01 72f W     0072f

1 1 1 00

REF 01122000 01122 01 122 R     00122

1 1 1 00

REF 01184000 01184 01 184 R     00184

1 1 1 00

REF 012df001 012df 01 2df W     002df

1 1 1 00

REF 01126001 01126 01 126 W     00126

1 1 1 00

REF 01a01000 01a01 01 a01 R     00a01

1 1 1 00

REF 033ce001 033ce 03 3ce W F   013ce

1 1 1 01

REF 03041000 03041 03 041 R     01041

1 1 1 01

REF 03928000 03928 03 928 R     01928

1 1 1 01

REF 0354f000 0354f 03 54f R     0154f

1 1 1 01

